2014/12/22 17:06:31 [error] [php] Undefined variable: link1 (D:\PHP\gurugames\protected\views\site\index.php:41)
Stack trace:
#0 D:\PHP\yii\framework\web\CController.php(869): SiteController->renderFile()
#1 D:\PHP\yii\framework\web\CController.php(782): SiteController->renderPartial()
#2 D:\PHP\gurugames\protected\controllers\SiteController.php(103): SiteController->render()
#3 D:\PHP\yii\framework\web\actions\CInlineAction.php(49): SiteController->actionIndex()
#4 D:\PHP\yii\framework\web\CController.php(308): CInlineAction->runWithParams()
#5 D:\PHP\yii\framework\web\CController.php(286): SiteController->runAction()
#6 D:\PHP\yii\framework\web\CController.php(265): SiteController->runActionWithFilters()
#7 D:\PHP\yii\framework\web\CWebApplication.php(282): SiteController->run()
#8 D:\PHP\yii\framework\web\CWebApplication.php(141): CWebApplication->runController()
#9 D:\PHP\yii\framework\base\CApplication.php(180): CWebApplication->processRequest()
#10 D:\PHP\gurugames\index.php(26): CWebApplication->run()
REQUEST_URI=/
2014/12/24 14:34:41 [error] [exception.CException] exception 'CException' with message 'CAssetManager.basePath "D:\PHP\gurugames\assets" is invalid. Please make sure the directory exists and is writable by the Web server process.' in D:\PHP\yii\framework\web\CAssetManager.php:138
Stack trace:
#0 D:\PHP\yii\framework\web\CAssetManager.php(123): CAssetManager->setBasePath('D:\PHP\gurugame...')
#1 D:\PHP\yii\framework\web\CAssetManager.php(217): CAssetManager->getBasePath()
#2 D:\PHP\yii\framework\gii\GiiModule.php(143): CAssetManager->publish('D:\PHP\yii\fram...')
#3 D:\PHP\yii\framework\base\CComponent.php(111): GiiModule->getAssetsUrl()
#4 D:\PHP\yii\framework\base\CModule.php(105): CComponent->__get('assetsUrl')
#5 D:\PHP\yii\framework\gii\views\layouts\main.php(5): CModule->__get('assetsUrl')
#6 D:\PHP\yii\framework\web\CBaseController.php(126): require('D:\PHP\yii\fram...')
#7 D:\PHP\yii\framework\web\CBaseController.php(95): CBaseController->renderInternal('D:\PHP\yii\fram...', Array, true)
#8 D:\PHP\yii\framework\web\widgets\CContentDecorator.php(76): CBaseController->renderFile('D:\PHP\yii\fram...', Array, true)
#9 D:\PHP\yii\framework\web\widgets\CContentDecorator.php(54): CContentDecorator->decorate('<div class="con...')
#10 D:\PHP\yii\framework\web\widgets\COutputProcessor.php(44): CContentDecorator->processOutput('<div class="con...')
#11 D:\PHP\yii\framework\web\CBaseController.php(206): COutputProcessor->run()
#12 D:\PHP\yii\framework\web\CBaseController.php(300): CBaseController->endWidget('CContentDecorat...')
#13 D:\PHP\yii\framework\gii\views\layouts\column1.php(7): CBaseController->endContent()
#14 D:\PHP\yii\framework\web\CBaseController.php(126): require('D:\PHP\yii\fram...')
#15 D:\PHP\yii\framework\web\CBaseController.php(95): CBaseController->renderInternal('D:\PHP\yii\fram...', Array, true)
#16 D:\PHP\yii\framework\web\CController.php(784): CBaseController->renderFile('D:\PHP\yii\fram...', Array, true)
#17 D:\PHP\yii\framework\gii\controllers\DefaultController.php(47): CController->render('login', Array)
#18 D:\PHP\yii\framework\web\actions\CInlineAction.php(49): DefaultController->actionLogin()
#19 D:\PHP\yii\framework\web\CController.php(308): CInlineAction->runWithParams(Array)
#20 D:\PHP\yii\framework\web\CController.php(286): CController->runAction(Object(CInlineAction))
#21 D:\PHP\yii\framework\web\CController.php(265): CController->runActionWithFilters(Object(CInlineAction), Array)
#22 D:\PHP\yii\framework\web\CWebApplication.php(282): CController->run('login')
#23 D:\PHP\yii\framework\web\CWebApplication.php(141): CWebApplication->runController('gii/default/log...')
#24 D:\PHP\yii\framework\base\CApplication.php(180): CWebApplication->processRequest()
#25 D:\PHP\gurugames\index.php(26): CApplication->run()
#26 {main}
REQUEST_URI=/index.php?r=gii/default/login
---
