2014/12/23 15:45:18 [error] [php] include(Content.php): failed to open stream: No such file or directory (D:\PHP\yii\framework\YiiBase.php:427)
Stack trace:
#0 D:\PHP\gurugames\alchemonsters\protected\controllers\SiteController.php(15): spl_autoload_call()
#1 D:\PHP\yii\framework\web\actions\CInlineAction.php(49): SiteController->actionIndex()
#2 D:\PHP\yii\framework\web\CController.php(308): CInlineAction->runWithParams()
#3 D:\PHP\yii\framework\web\CController.php(286): SiteController->runAction()
#4 D:\PHP\yii\framework\web\CController.php(265): SiteController->runActionWithFilters()
#5 D:\PHP\yii\framework\web\CWebApplication.php(282): SiteController->run()
#6 D:\PHP\yii\framework\web\CWebApplication.php(141): CWebApplication->runController()
#7 D:\PHP\yii\framework\base\CApplication.php(180): CWebApplication->processRequest()
#8 D:\PHP\gurugames\alchemonsters\index.php(26): CWebApplication->run()
REQUEST_URI=/alchemonsters/
2014/12/23 15:55:05 [error] [exception.CHttpException.404] exception 'CHttpException' with message 'The system is unable to find the requested action "getAllSkill".' in D:\PHP\yii\framework\web\CController.php:483
Stack trace:
#0 D:\PHP\yii\framework\web\CController.php(270): CController->missingAction('getAllSkill')
#1 D:\PHP\yii\framework\web\CWebApplication.php(282): CController->run('getAllSkill')
#2 D:\PHP\yii\framework\web\CWebApplication.php(141): CWebApplication->runController('service/getAllS...')
#3 D:\PHP\yii\framework\base\CApplication.php(180): CWebApplication->processRequest()
#4 D:\PHP\gurugames\alchemonsters\index.php(26): CApplication->run()
#5 {main}
REQUEST_URI=/alchemonsters/index.php?r=service/getAllSkill
---
2014/12/23 16:01:05 [error] [exception.CHttpException.404] exception 'CHttpException' with message 'The system is unable to find the requested action "getSkill".' in D:\PHP\yii\framework\web\CController.php:483
Stack trace:
#0 D:\PHP\yii\framework\web\CController.php(270): CController->missingAction('getSkill')
#1 D:\PHP\yii\framework\web\CWebApplication.php(282): CController->run('getSkill')
#2 D:\PHP\yii\framework\web\CWebApplication.php(141): CWebApplication->runController('service/getSkil...')
#3 D:\PHP\yii\framework\base\CApplication.php(180): CWebApplication->processRequest()
#4 D:\PHP\gurugames\alchemonsters\index.php(26): CApplication->run()
#5 {main}
REQUEST_URI=/alchemonsters/index.php?r=service/getSkill
---
2014/12/23 16:01:13 [error] [php] include(Skill.php): failed to open stream: No such file or directory (D:\PHP\yii\framework\YiiBase.php:427)
Stack trace:
#0 D:\PHP\gurugames\alchemonsters\protected\controllers\ServiceController.php(34): spl_autoload_call()
#1 D:\PHP\yii\framework\web\actions\CInlineAction.php(49): ServiceController->actionGetAllSkill()
#2 D:\PHP\yii\framework\web\CController.php(308): CInlineAction->runWithParams()
#3 D:\PHP\yii\framework\web\CController.php(286): ServiceController->runAction()
#4 D:\PHP\yii\framework\web\CController.php(265): ServiceController->runActionWithFilters()
#5 D:\PHP\yii\framework\web\CWebApplication.php(282): ServiceController->run()
#6 D:\PHP\yii\framework\web\CWebApplication.php(141): CWebApplication->runController()
#7 D:\PHP\yii\framework\base\CApplication.php(180): CWebApplication->processRequest()
#8 D:\PHP\gurugames\alchemonsters\index.php(26): CWebApplication->run()
REQUEST_URI=/alchemonsters/index.php?r=service/getAllSkill
2014/12/24 15:11:44 [error] [system.db.CDbCommand] CDbCommand::fetchAll() failed: SQLSTATE[42000]: Syntax error or access violation: 1064 You have an error in your SQL syntax; check the manual that corresponds to your MySQL server version for the right syntax to use near 'or monsterId =2' at line 1. The SQL statement executed was: SELECT * FROM `data_monster` `t` WHERE  or monsterId =:monster_id2.
2014/12/24 15:11:44 [error] [exception.CDbException] exception 'CDbException' with message 'CDbCommand failed to execute the SQL statement: SQLSTATE[42000]: Syntax error or access violation: 1064 You have an error in your SQL syntax; check the manual that corresponds to your MySQL server version for the right syntax to use near 'or monsterId =2' at line 1' in D:\PHP\yii\framework\db\CDbCommand.php:543
Stack trace:
#0 D:\PHP\yii\framework\db\CDbCommand.php(396): CDbCommand->queryInternal('fetchAll', Array, Array)
#1 D:\PHP\yii\framework\db\ar\CActiveRecord.php(1351): CDbCommand->queryAll()
#2 D:\PHP\yii\framework\db\ar\CActiveRecord.php(1470): CActiveRecord->query(Object(CDbCriteria), true)
#3 D:\PHP\gurugames\alchemonsters\protected\controllers\ServiceController.php(62): CActiveRecord->findAll(Object(CDbCriteria))
#4 D:\PHP\yii\framework\web\actions\CInlineAction.php(49): ServiceController->actionGetDataMonster()
#5 D:\PHP\yii\framework\web\CController.php(308): CInlineAction->runWithParams(Array)
#6 D:\PHP\yii\framework\web\CController.php(286): CController->runAction(Object(CInlineAction))
#7 D:\PHP\yii\framework\web\CController.php(265): CController->runActionWithFilters(Object(CInlineAction), Array)
#8 D:\PHP\yii\framework\web\CWebApplication.php(282): CController->run('getDataMonster')
#9 D:\PHP\yii\framework\web\CWebApplication.php(141): CWebApplication->runController('service/getData...')
#10 D:\PHP\yii\framework\base\CApplication.php(180): CWebApplication->processRequest()
#11 D:\PHP\gurugames\alchemonsters\index.php(26): CApplication->run()
#12 {main}
REQUEST_URI=/alchemonsters/index.php?r=service/getDataMonster
---
2014/12/24 15:12:42 [error] [system.db.CDbCommand] CDbCommand::fetchAll() failed: SQLSTATE[42000]: Syntax error or access violation: 1064 You have an error in your SQL syntax; check the manual that corresponds to your MySQL server version for the right syntax to use near 'or monsterId =2' at line 1. The SQL statement executed was: SELECT * FROM `data_monster` `t` WHERE  or monsterId =:monster_id2.
2014/12/24 15:12:42 [error] [exception.CDbException] exception 'CDbException' with message 'CDbCommand failed to execute the SQL statement: SQLSTATE[42000]: Syntax error or access violation: 1064 You have an error in your SQL syntax; check the manual that corresponds to your MySQL server version for the right syntax to use near 'or monsterId =2' at line 1' in D:\PHP\yii\framework\db\CDbCommand.php:543
Stack trace:
#0 D:\PHP\yii\framework\db\CDbCommand.php(396): CDbCommand->queryInternal('fetchAll', Array, Array)
#1 D:\PHP\yii\framework\db\ar\CActiveRecord.php(1351): CDbCommand->queryAll()
#2 D:\PHP\yii\framework\db\ar\CActiveRecord.php(1470): CActiveRecord->query(Object(CDbCriteria), true)
#3 D:\PHP\gurugames\alchemonsters\protected\controllers\ServiceController.php(62): CActiveRecord->findAll(Object(CDbCriteria))
#4 D:\PHP\yii\framework\web\actions\CInlineAction.php(49): ServiceController->actionGetDataMonster()
#5 D:\PHP\yii\framework\web\CController.php(308): CInlineAction->runWithParams(Array)
#6 D:\PHP\yii\framework\web\CController.php(286): CController->runAction(Object(CInlineAction))
#7 D:\PHP\yii\framework\web\CController.php(265): CController->runActionWithFilters(Object(CInlineAction), Array)
#8 D:\PHP\yii\framework\web\CWebApplication.php(282): CController->run('getDataMonster')
#9 D:\PHP\yii\framework\web\CWebApplication.php(141): CWebApplication->runController('service/getData...')
#10 D:\PHP\yii\framework\base\CApplication.php(180): CWebApplication->processRequest()
#11 D:\PHP\gurugames\alchemonsters\index.php(26): CApplication->run()
#12 {main}
REQUEST_URI=/alchemonsters/index.php?r=service/getDataMonster
---
2014/12/24 15:14:24 [error] [php] Undefined variable: or (D:\PHP\gurugames\alchemonsters\protected\controllers\ServiceController.php:62)
Stack trace:
#0 D:\PHP\yii\framework\web\CController.php(286): ServiceController->runAction()
#1 D:\PHP\yii\framework\web\CController.php(265): ServiceController->runActionWithFilters()
#2 D:\PHP\yii\framework\web\CWebApplication.php(282): ServiceController->run()
#3 D:\PHP\yii\framework\web\CWebApplication.php(141): CWebApplication->runController()
#4 D:\PHP\yii\framework\base\CApplication.php(180): CWebApplication->processRequest()
#5 D:\PHP\gurugames\alchemonsters\index.php(26): CWebApplication->run()
REQUEST_URI=/alchemonsters/index.php?r=service/getDataMonster
2014/12/24 15:14:39 [error] [system.db.CDbCommand] CDbCommand::fetchAll() failed: SQLSTATE[HY093]: Invalid parameter number: number of bound variables does not match number of tokens. The SQL statement executed was: SELECT * FROM `data_monster` `t` WHERE monsterId =:monster_id1 or monsterId = :monster_id2.
2014/12/24 15:14:39 [error] [exception.CDbException] exception 'CDbException' with message 'CDbCommand failed to execute the SQL statement: SQLSTATE[HY093]: Invalid parameter number: number of bound variables does not match number of tokens' in D:\PHP\yii\framework\db\CDbCommand.php:543
Stack trace:
#0 D:\PHP\yii\framework\db\CDbCommand.php(396): CDbCommand->queryInternal('fetchAll', Array, Array)
#1 D:\PHP\yii\framework\db\ar\CActiveRecord.php(1351): CDbCommand->queryAll()
#2 D:\PHP\yii\framework\db\ar\CActiveRecord.php(1470): CActiveRecord->query(Object(CDbCriteria), true)
#3 D:\PHP\gurugames\alchemonsters\protected\controllers\ServiceController.php(66): CActiveRecord->findAll(Object(CDbCriteria))
#4 D:\PHP\yii\framework\web\actions\CInlineAction.php(49): ServiceController->actionGetDataMonster()
#5 D:\PHP\yii\framework\web\CController.php(308): CInlineAction->runWithParams(Array)
#6 D:\PHP\yii\framework\web\CController.php(286): CController->runAction(Object(CInlineAction))
#7 D:\PHP\yii\framework\web\CController.php(265): CController->runActionWithFilters(Object(CInlineAction), Array)
#8 D:\PHP\yii\framework\web\CWebApplication.php(282): CController->run('getDataMonster')
#9 D:\PHP\yii\framework\web\CWebApplication.php(141): CWebApplication->runController('service/getData...')
#10 D:\PHP\yii\framework\base\CApplication.php(180): CWebApplication->processRequest()
#11 D:\PHP\gurugames\alchemonsters\index.php(26): CApplication->run()
#12 {main}
REQUEST_URI=/alchemonsters/index.php?r=service/getDataMonster
---
2014/12/24 15:16:32 [error] [system.db.CDbCommand] CDbCommand::fetchAll() failed: SQLSTATE[HY093]: Invalid parameter number: number of bound variables does not match number of tokens. The SQL statement executed was: SELECT * FROM `data_monster` `t` WHERE monsterId =:monster_id1 or monsterId = :monster_id2.
2014/12/24 15:16:32 [error] [exception.CDbException] exception 'CDbException' with message 'CDbCommand failed to execute the SQL statement: SQLSTATE[HY093]: Invalid parameter number: number of bound variables does not match number of tokens' in D:\PHP\yii\framework\db\CDbCommand.php:543
Stack trace:
#0 D:\PHP\yii\framework\db\CDbCommand.php(396): CDbCommand->queryInternal('fetchAll', Array, Array)
#1 D:\PHP\yii\framework\db\ar\CActiveRecord.php(1351): CDbCommand->queryAll()
#2 D:\PHP\yii\framework\db\ar\CActiveRecord.php(1470): CActiveRecord->query(Object(CDbCriteria), true)
#3 D:\PHP\gurugames\alchemonsters\protected\controllers\ServiceController.php(66): CActiveRecord->findAll(Object(CDbCriteria))
#4 D:\PHP\yii\framework\web\actions\CInlineAction.php(49): ServiceController->actionGetDataMonster()
#5 D:\PHP\yii\framework\web\CController.php(308): CInlineAction->runWithParams(Array)
#6 D:\PHP\yii\framework\web\CController.php(286): CController->runAction(Object(CInlineAction))
#7 D:\PHP\yii\framework\web\CController.php(265): CController->runActionWithFilters(Object(CInlineAction), Array)
#8 D:\PHP\yii\framework\web\CWebApplication.php(282): CController->run('getDataMonster')
#9 D:\PHP\yii\framework\web\CWebApplication.php(141): CWebApplication->runController('service/getData...')
#10 D:\PHP\yii\framework\base\CApplication.php(180): CWebApplication->processRequest()
#11 D:\PHP\gurugames\alchemonsters\index.php(26): CApplication->run()
#12 {main}
REQUEST_URI=/alchemonsters/index.php?r=service/getDataMonster
---
2014/12/24 15:16:48 [error] [system.db.CDbCommand] CDbCommand::fetchAll() failed: SQLSTATE[HY093]: Invalid parameter number: number of bound variables does not match number of tokens. The SQL statement executed was: SELECT * FROM `data_monster` `t` WHERE monsterId =:monster_id1 or monsterId = :monster_id2.
2014/12/24 15:16:48 [error] [exception.CDbException] exception 'CDbException' with message 'CDbCommand failed to execute the SQL statement: SQLSTATE[HY093]: Invalid parameter number: number of bound variables does not match number of tokens' in D:\PHP\yii\framework\db\CDbCommand.php:543
Stack trace:
#0 D:\PHP\yii\framework\db\CDbCommand.php(396): CDbCommand->queryInternal('fetchAll', Array, Array)
#1 D:\PHP\yii\framework\db\ar\CActiveRecord.php(1351): CDbCommand->queryAll()
#2 D:\PHP\yii\framework\db\ar\CActiveRecord.php(1470): CActiveRecord->query(Object(CDbCriteria), true)
#3 D:\PHP\gurugames\alchemonsters\protected\controllers\ServiceController.php(66): CActiveRecord->findAll(Object(CDbCriteria))
#4 D:\PHP\yii\framework\web\actions\CInlineAction.php(49): ServiceController->actionGetDataMonster()
#5 D:\PHP\yii\framework\web\CController.php(308): CInlineAction->runWithParams(Array)
#6 D:\PHP\yii\framework\web\CController.php(286): CController->runAction(Object(CInlineAction))
#7 D:\PHP\yii\framework\web\CController.php(265): CController->runActionWithFilters(Object(CInlineAction), Array)
#8 D:\PHP\yii\framework\web\CWebApplication.php(282): CController->run('getDataMonster')
#9 D:\PHP\yii\framework\web\CWebApplication.php(141): CWebApplication->runController('service/getData...')
#10 D:\PHP\yii\framework\base\CApplication.php(180): CWebApplication->processRequest()
#11 D:\PHP\gurugames\alchemonsters\index.php(26): CApplication->run()
#12 {main}
REQUEST_URI=/alchemonsters/index.php?r=service/getDataMonster
---
